<?xml version="1.0" encoding="UTF-8"?>
<!-- Generated by org.testng.reporters.JUnitReportReporter -->
<testsuite hostname="LAPTOP-TBP3F2U4" failures="0" tests="28" name="runners.TestRunner" time="4674.011" errors="9" timestamp="2025-08-12T16:36:59 IST" skipped="0">
  <testcase classname="runners.TestRunner" name="runScenario" time="142.990"/>
  <system-out/>
  <testcase classname="runners.TestRunner" name="runScenario" time="211.479">
    <error message="Expected condition failed: waiting for visibility of element located by By.xpath: /html[1]/body[1]/div[1]/div[1]/div[1]/div[1]/div[2]/div[1]/div[2]/div[3]/div[3]/div[1]/div[1]/div[1]/div[1]/div[1]/div[1]/div[1]/div[1]/div[3]/div[1]/div[1]/div[1]/form[1]/div[1] (tried for 60 second(s) with 500 milliseconds interval)
Build info: version: &#039;4.19.0&#039;, revision: &#039;5f9cec8963&#039;
System info: os.name: &#039;Windows 11&#039;, os.arch: &#039;amd64&#039;, os.version: &#039;10.0&#039;, java.version: &#039;21.0.6&#039;
Driver info: org.openqa.selenium.chrome.ChromeDriver
Capabilities {acceptInsecureCerts: false, browserName: chrome, browserVersion: 138.0.7204.184, chrome: {chromedriverVersion: 138.0.7204.183 (e90faf484dd..., userDataDir: C:\Users\NagarajR\AppData\L...}, fedcm:accounts: true, goog:chromeOptions: {debuggerAddress: localhost:55345}, networkConnectionEnabled: false, pageLoadStrategy: normal, platformName: windows, proxy: Proxy(), se:cdp: ws://localhost:55345/devtoo..., se:cdpVersion: 138.0.7204.184, setWindowRect: true, strictFileInteractability: false, timeouts: {implicit: 0, pageLoad: 300000, script: 30000}, unhandledPromptBehavior: dismiss and notify, webauthn:extension:credBlob: true, webauthn:extension:largeBlob: true, webauthn:extension:minPinLength: true, webauthn:extension:prf: true, webauthn:virtualAuthenticators: true}
Session ID: bb582b89e7d60fca830e408c6daff1f1" type="org.openqa.selenium.TimeoutException">
      <![CDATA[org.openqa.selenium.TimeoutException: Expected condition failed: waiting for visibility of element located by By.xpath: /html[1]/body[1]/div[1]/div[1]/div[1]/div[1]/div[2]/div[1]/div[2]/div[3]/div[3]/div[1]/div[1]/div[1]/div[1]/div[1]/div[1]/div[1]/div[1]/div[3]/div[1]/div[1]/div[1]/form[1]/div[1] (tried for 60 second(s) with 500 milliseconds interval)
Build info: version: '4.19.0', revision: '5f9cec8963'
System info: os.name: 'Windows 11', os.arch: 'amd64', os.version: '10.0', java.version: '21.0.6'
Driver info: org.openqa.selenium.chrome.ChromeDriver
Capabilities {acceptInsecureCerts: false, browserName: chrome, browserVersion: 138.0.7204.184, chrome: {chromedriverVersion: 138.0.7204.183 (e90faf484dd..., userDataDir: C:\Users\NagarajR\AppData\L...}, fedcm:accounts: true, goog:chromeOptions: {debuggerAddress: localhost:55345}, networkConnectionEnabled: false, pageLoadStrategy: normal, platformName: windows, proxy: Proxy(), se:cdp: ws://localhost:55345/devtoo..., se:cdpVersion: 138.0.7204.184, setWindowRect: true, strictFileInteractability: false, timeouts: {implicit: 0, pageLoad: 300000, script: 30000}, unhandledPromptBehavior: dismiss and notify, webauthn:extension:credBlob: true, webauthn:extension:largeBlob: true, webauthn:extension:minPinLength: true, webauthn:extension:prf: true, webauthn:virtualAuthenticators: true}
Session ID: bb582b89e7d60fca830e408c6daff1f1
at org.openqa.selenium.support.ui.WebDriverWait.timeoutException(WebDriverWait.java:84)
at org.openqa.selenium.support.ui.FluentWait.until(FluentWait.java:228)
at pages.ARCA_OverviewPage.waitForElement(ARCA_OverviewPage.java:42)
at pages.ARCA_OverviewPage.createNewScnearioBtnWithSelection(ARCA_OverviewPage.java:555)
at stepdefinitions.ARCA_OverviewSteps.the_user_should_be_able_to_click_the_create_new_scenario_button_and_get_redirected_to_the_create_scenario_screen_only_if_one_record_from_the_saved_customer_product_combinations_table_is_selected(ARCA_OverviewSteps.java:70)
at ✽.the user should be able to click the Create New Scenario button and get redirected to the Create Scenario screen only if one record from the Saved Customer Product Combinations table is selected(file:///C:/Users/NagarajR/git/WPC_USESI_Automation_Testing/WPC_UI_Automation/src/test/java/Features/8_ARCA_Overview.feature:44)
]]>
    </error>
  </testcase> <!-- runScenario -->
  <system-out/>
  <testcase classname="runners.TestRunner" name="runScenario" time="180.791"/>
  <system-out/>
  <testcase classname="runners.TestRunner" name="runScenario" time="300.579">
    <error message="Expected condition failed: waiting for visibility of element located by By.xpath: /html[1]/body[1]/div[1]/div[1]/div[1]/div[1]/div[2]/div[1]/div[2]/div[2]/div[3]/div[1]/div[1]/div[1]/div[1]/div[1]/div[1]/div[3]/div[1]/div[1]/div[1]/form[1]/div[1]/div[2]/div[1]/div[1]/button[1] (tried for 100 second(s) with 500 milliseconds interval)
Build info: version: &#039;4.19.0&#039;, revision: &#039;5f9cec8963&#039;
System info: os.name: &#039;Windows 11&#039;, os.arch: &#039;amd64&#039;, os.version: &#039;10.0&#039;, java.version: &#039;21.0.6&#039;
Driver info: org.openqa.selenium.chrome.ChromeDriver
Capabilities {acceptInsecureCerts: false, browserName: chrome, browserVersion: 138.0.7204.184, chrome: {chromedriverVersion: 138.0.7204.183 (e90faf484dd..., userDataDir: C:\Users\NagarajR\AppData\L...}, fedcm:accounts: true, goog:chromeOptions: {debuggerAddress: localhost:63169}, networkConnectionEnabled: false, pageLoadStrategy: normal, platformName: windows, proxy: Proxy(), se:cdp: ws://localhost:63169/devtoo..., se:cdpVersion: 138.0.7204.184, setWindowRect: true, strictFileInteractability: false, timeouts: {implicit: 0, pageLoad: 300000, script: 30000}, unhandledPromptBehavior: dismiss and notify, webauthn:extension:credBlob: true, webauthn:extension:largeBlob: true, webauthn:extension:minPinLength: true, webauthn:extension:prf: true, webauthn:virtualAuthenticators: true}
Session ID: 53ddcf9c84d40f33a2678e290e19b053" type="org.openqa.selenium.TimeoutException">
      <![CDATA[org.openqa.selenium.TimeoutException: Expected condition failed: waiting for visibility of element located by By.xpath: /html[1]/body[1]/div[1]/div[1]/div[1]/div[1]/div[2]/div[1]/div[2]/div[2]/div[3]/div[1]/div[1]/div[1]/div[1]/div[1]/div[1]/div[3]/div[1]/div[1]/div[1]/form[1]/div[1]/div[2]/div[1]/div[1]/button[1] (tried for 100 second(s) with 500 milliseconds interval)
Build info: version: '4.19.0', revision: '5f9cec8963'
System info: os.name: 'Windows 11', os.arch: 'amd64', os.version: '10.0', java.version: '21.0.6'
Driver info: org.openqa.selenium.chrome.ChromeDriver
Capabilities {acceptInsecureCerts: false, browserName: chrome, browserVersion: 138.0.7204.184, chrome: {chromedriverVersion: 138.0.7204.183 (e90faf484dd..., userDataDir: C:\Users\NagarajR\AppData\L...}, fedcm:accounts: true, goog:chromeOptions: {debuggerAddress: localhost:63169}, networkConnectionEnabled: false, pageLoadStrategy: normal, platformName: windows, proxy: Proxy(), se:cdp: ws://localhost:63169/devtoo..., se:cdpVersion: 138.0.7204.184, setWindowRect: true, strictFileInteractability: false, timeouts: {implicit: 0, pageLoad: 300000, script: 30000}, unhandledPromptBehavior: dismiss and notify, webauthn:extension:credBlob: true, webauthn:extension:largeBlob: true, webauthn:extension:minPinLength: true, webauthn:extension:prf: true, webauthn:virtualAuthenticators: true}
Session ID: 53ddcf9c84d40f33a2678e290e19b053
at org.openqa.selenium.support.ui.WebDriverWait.timeoutException(WebDriverWait.java:84)
at org.openqa.selenium.support.ui.FluentWait.until(FluentWait.java:228)
at pages.CPA_OverviewPage.waitForElement(CPA_OverviewPage.java:37)
at pages.CPA_OverviewPage.createSensitivityScenarioBtnWithSelection(CPA_OverviewPage.java:463)
at stepdefinitions.CPA_OverviewSteps.the_user_should_be_able_to_click_on_the_create_sensitivity_scenario_button_and_get_redirected_to_the_create_scenario_screen_only_if_one_record_from_the_saved_customer_peer_selection_table_is_selected(CPA_OverviewSteps.java:50)
at ✽.the user should be able to click on the Create Sensitivity Scenario button and get redirected to the Create Scenario screen only if one record from the Saved Customer Peer Selection table is selected(file:///C:/Users/NagarajR/git/WPC_USESI_Automation_Testing/WPC_UI_Automation/src/test/java/Features/3_CPA_Overview.feature:34)
]]>
    </error>
  </testcase> <!-- runScenario -->
  <system-out/>
  <testcase classname="runners.TestRunner" name="runScenario" time="109.854"/>
  <system-out/>
  <testcase classname="runners.TestRunner" name="runScenario" time="117.738">
    <error message="Expected condition failed: waiting for visibility of element located by By.xpath: /html[1]/body[1]/div[1]/div[1]/div[1]/div[1]/div[2]/div[2]/div[1]/div[1]/div[1]/div[3]/div[1]/div[1]/div[1]/input[1] (tried for 90 second(s) with 500 milliseconds interval)
Build info: version: &#039;4.19.0&#039;, revision: &#039;5f9cec8963&#039;
System info: os.name: &#039;Windows 11&#039;, os.arch: &#039;amd64&#039;, os.version: &#039;10.0&#039;, java.version: &#039;21.0.6&#039;
Driver info: org.openqa.selenium.chrome.ChromeDriver
Capabilities {acceptInsecureCerts: false, browserName: chrome, browserVersion: 138.0.7204.184, chrome: {chromedriverVersion: 138.0.7204.183 (e90faf484dd..., userDataDir: C:\Users\NagarajR\AppData\L...}, fedcm:accounts: true, goog:chromeOptions: {debuggerAddress: localhost:58355}, networkConnectionEnabled: false, pageLoadStrategy: normal, platformName: windows, proxy: Proxy(), se:cdp: ws://localhost:58355/devtoo..., se:cdpVersion: 138.0.7204.184, setWindowRect: true, strictFileInteractability: false, timeouts: {implicit: 0, pageLoad: 300000, script: 30000}, unhandledPromptBehavior: dismiss and notify, webauthn:extension:credBlob: true, webauthn:extension:largeBlob: true, webauthn:extension:minPinLength: true, webauthn:extension:prf: true, webauthn:virtualAuthenticators: true}
Session ID: 441cdfc6181f5056098a5014d57ac65f" type="org.openqa.selenium.TimeoutException">
      <![CDATA[org.openqa.selenium.TimeoutException: Expected condition failed: waiting for visibility of element located by By.xpath: /html[1]/body[1]/div[1]/div[1]/div[1]/div[1]/div[2]/div[2]/div[1]/div[1]/div[1]/div[3]/div[1]/div[1]/div[1]/input[1] (tried for 90 second(s) with 500 milliseconds interval)
Build info: version: '4.19.0', revision: '5f9cec8963'
System info: os.name: 'Windows 11', os.arch: 'amd64', os.version: '10.0', java.version: '21.0.6'
Driver info: org.openqa.selenium.chrome.ChromeDriver
Capabilities {acceptInsecureCerts: false, browserName: chrome, browserVersion: 138.0.7204.184, chrome: {chromedriverVersion: 138.0.7204.183 (e90faf484dd..., userDataDir: C:\Users\NagarajR\AppData\L...}, fedcm:accounts: true, goog:chromeOptions: {debuggerAddress: localhost:58355}, networkConnectionEnabled: false, pageLoadStrategy: normal, platformName: windows, proxy: Proxy(), se:cdp: ws://localhost:58355/devtoo..., se:cdpVersion: 138.0.7204.184, setWindowRect: true, strictFileInteractability: false, timeouts: {implicit: 0, pageLoad: 300000, script: 30000}, unhandledPromptBehavior: dismiss and notify, webauthn:extension:credBlob: true, webauthn:extension:largeBlob: true, webauthn:extension:minPinLength: true, webauthn:extension:prf: true, webauthn:virtualAuthenticators: true}
Session ID: 441cdfc6181f5056098a5014d57ac65f
at org.openqa.selenium.support.ui.WebDriverWait.timeoutException(WebDriverWait.java:84)
at org.openqa.selenium.support.ui.FluentWait.until(FluentWait.java:228)
at pages.LoginPage.waitForElement(LoginPage.java:32)
at pages.LoginPage.navigateTo(LoginPage.java:65)
at stepdefinitions.LoginSteps.the_user_is_on_the_login_page(LoginSteps.java:28)
at ✽.the user is on the login page(file:///C:/Users/NagarajR/git/WPC_USESI_Automation_Testing/WPC_UI_Automation/src/test/java/Features/9_6_Login.feature:12)
]]>
    </error>
  </testcase> <!-- runScenario -->
  <system-out/>
  <testcase classname="runners.TestRunner" name="runScenario" time="104.074"/>
  <system-out/>
  <testcase classname="runners.TestRunner" name="runScenario" time="136.160"/>
  <system-out/>
  <testcase classname="runners.TestRunner" name="runScenario" time="92.627"/>
  <system-out/>
  <testcase classname="runners.TestRunner" name="runScenario" time="760.354">
    <error message="Keys to send should be a not null CharSequence" type="java.lang.IllegalArgumentException">
      <![CDATA[java.lang.IllegalArgumentException: Keys to send should be a not null CharSequence
at org.openqa.selenium.remote.RemoteWebElement.sendKeys(RemoteWebElement.java:96)
at pages.CPA_PeerSelectionPage.comparePeersBtn(CPA_PeerSelectionPage.java:1131)
at stepdefinitions.CPA_PeerSelectionSteps.the_user_should_be_able_to_click_on_the_compare_peers_button_which_then_opens_up_the_dialog_box_to_enter_the_name_and_save_the_peer_selections(CPA_PeerSelectionSteps.java:161)
at ✽.the user should be able to click on the Compare Peers button which then opens up the dialog box to enter the name and save the peer selections(file:///C:/Users/NagarajR/git/WPC_USESI_Automation_Testing/WPC_UI_Automation/src/test/java/Features/5_CPA_PeerSelection.feature:57)
]]>
    </error>
  </testcase> <!-- runScenario -->
  <system-out/>
  <testcase classname="runners.TestRunner" name="runScenario" time="87.135"/>
  <system-out/>
  <testcase classname="runners.TestRunner" name="runScenario" time="96.481"/>
  <system-out/>
  <testcase classname="runners.TestRunner" name="runScenario" time="115.540">
    <error message="Expected condition failed: waiting for visibility of element located by By.xpath: /html[1]/body[1]/div[1]/div[1]/div[1]/div[1]/div[2]/div[2]/div[1]/div[1]/div[1]/div[3]/div[1]/div[1]/div[1]/input[1] (tried for 90 second(s) with 500 milliseconds interval)
Build info: version: &#039;4.19.0&#039;, revision: &#039;5f9cec8963&#039;
System info: os.name: &#039;Windows 11&#039;, os.arch: &#039;amd64&#039;, os.version: &#039;10.0&#039;, java.version: &#039;21.0.6&#039;
Driver info: org.openqa.selenium.chrome.ChromeDriver
Capabilities {acceptInsecureCerts: false, browserName: chrome, browserVersion: 138.0.7204.184, chrome: {chromedriverVersion: 138.0.7204.183 (e90faf484dd..., userDataDir: C:\Users\NagarajR\AppData\L...}, fedcm:accounts: true, goog:chromeOptions: {debuggerAddress: localhost:58167}, networkConnectionEnabled: false, pageLoadStrategy: normal, platformName: windows, proxy: Proxy(), se:cdp: ws://localhost:58167/devtoo..., se:cdpVersion: 138.0.7204.184, setWindowRect: true, strictFileInteractability: false, timeouts: {implicit: 0, pageLoad: 300000, script: 30000}, unhandledPromptBehavior: dismiss and notify, webauthn:extension:credBlob: true, webauthn:extension:largeBlob: true, webauthn:extension:minPinLength: true, webauthn:extension:prf: true, webauthn:virtualAuthenticators: true}
Session ID: 8bd7ae8909cf7e39c53b224678ed270b" type="org.openqa.selenium.TimeoutException">
      <![CDATA[org.openqa.selenium.TimeoutException: Expected condition failed: waiting for visibility of element located by By.xpath: /html[1]/body[1]/div[1]/div[1]/div[1]/div[1]/div[2]/div[2]/div[1]/div[1]/div[1]/div[3]/div[1]/div[1]/div[1]/input[1] (tried for 90 second(s) with 500 milliseconds interval)
Build info: version: '4.19.0', revision: '5f9cec8963'
System info: os.name: 'Windows 11', os.arch: 'amd64', os.version: '10.0', java.version: '21.0.6'
Driver info: org.openqa.selenium.chrome.ChromeDriver
Capabilities {acceptInsecureCerts: false, browserName: chrome, browserVersion: 138.0.7204.184, chrome: {chromedriverVersion: 138.0.7204.183 (e90faf484dd..., userDataDir: C:\Users\NagarajR\AppData\L...}, fedcm:accounts: true, goog:chromeOptions: {debuggerAddress: localhost:58167}, networkConnectionEnabled: false, pageLoadStrategy: normal, platformName: windows, proxy: Proxy(), se:cdp: ws://localhost:58167/devtoo..., se:cdpVersion: 138.0.7204.184, setWindowRect: true, strictFileInteractability: false, timeouts: {implicit: 0, pageLoad: 300000, script: 30000}, unhandledPromptBehavior: dismiss and notify, webauthn:extension:credBlob: true, webauthn:extension:largeBlob: true, webauthn:extension:minPinLength: true, webauthn:extension:prf: true, webauthn:virtualAuthenticators: true}
Session ID: 8bd7ae8909cf7e39c53b224678ed270b
at org.openqa.selenium.support.ui.WebDriverWait.timeoutException(WebDriverWait.java:84)
at org.openqa.selenium.support.ui.FluentWait.until(FluentWait.java:228)
at pages.LoginPage.waitForElement(LoginPage.java:32)
at pages.LoginPage.navigateTo(LoginPage.java:65)
at stepdefinitions.LoginSteps.the_user_is_on_the_login_page(LoginSteps.java:28)
at ✽.the user is on the login page(file:///C:/Users/NagarajR/git/WPC_USESI_Automation_Testing/WPC_UI_Automation/src/test/java/Features/9_6_Login.feature:5)
]]>
    </error>
  </testcase> <!-- runScenario -->
  <system-out/>
  <testcase classname="runners.TestRunner" name="runScenario" time="219.878"/>
  <system-out/>
  <testcase classname="runners.TestRunner" name="runScenario" time="107.066"/>
  <system-out/>
  <testcase classname="runners.TestRunner" name="runScenario" time="87.267">
    <error message="Expected condition failed: waiting for visibility of element located by By.xpath: /html/body/div[1]/div/div/div/div[2]/div[1]/div[2]/div[2]/div[3]/div/div/div/div/div/div/div[3]/div/div/div[1]/form/div (tried for 60 second(s) with 500 milliseconds interval)
Build info: version: &#039;4.19.0&#039;, revision: &#039;5f9cec8963&#039;
System info: os.name: &#039;Windows 11&#039;, os.arch: &#039;amd64&#039;, os.version: &#039;10.0&#039;, java.version: &#039;21.0.6&#039;
Driver info: org.openqa.selenium.chrome.ChromeDriver
Capabilities {acceptInsecureCerts: false, browserName: chrome, browserVersion: 138.0.7204.184, chrome: {chromedriverVersion: 138.0.7204.183 (e90faf484dd..., userDataDir: C:\Users\NagarajR\AppData\L...}, fedcm:accounts: true, goog:chromeOptions: {debuggerAddress: localhost:55129}, networkConnectionEnabled: false, pageLoadStrategy: normal, platformName: windows, proxy: Proxy(), se:cdp: ws://localhost:55129/devtoo..., se:cdpVersion: 138.0.7204.184, setWindowRect: true, strictFileInteractability: false, timeouts: {implicit: 0, pageLoad: 300000, script: 30000}, unhandledPromptBehavior: dismiss and notify, webauthn:extension:credBlob: true, webauthn:extension:largeBlob: true, webauthn:extension:minPinLength: true, webauthn:extension:prf: true, webauthn:virtualAuthenticators: true}
Session ID: 92fbcd473660097ba86489b6b351f03d" type="org.openqa.selenium.TimeoutException">
      <![CDATA[org.openqa.selenium.TimeoutException: Expected condition failed: waiting for visibility of element located by By.xpath: /html/body/div[1]/div/div/div/div[2]/div[1]/div[2]/div[2]/div[3]/div/div/div/div/div/div/div[3]/div/div/div[1]/form/div (tried for 60 second(s) with 500 milliseconds interval)
Build info: version: '4.19.0', revision: '5f9cec8963'
System info: os.name: 'Windows 11', os.arch: 'amd64', os.version: '10.0', java.version: '21.0.6'
Driver info: org.openqa.selenium.chrome.ChromeDriver
Capabilities {acceptInsecureCerts: false, browserName: chrome, browserVersion: 138.0.7204.184, chrome: {chromedriverVersion: 138.0.7204.183 (e90faf484dd..., userDataDir: C:\Users\NagarajR\AppData\L...}, fedcm:accounts: true, goog:chromeOptions: {debuggerAddress: localhost:55129}, networkConnectionEnabled: false, pageLoadStrategy: normal, platformName: windows, proxy: Proxy(), se:cdp: ws://localhost:55129/devtoo..., se:cdpVersion: 138.0.7204.184, setWindowRect: true, strictFileInteractability: false, timeouts: {implicit: 0, pageLoad: 300000, script: 30000}, unhandledPromptBehavior: dismiss and notify, webauthn:extension:credBlob: true, webauthn:extension:largeBlob: true, webauthn:extension:minPinLength: true, webauthn:extension:prf: true, webauthn:virtualAuthenticators: true}
Session ID: 92fbcd473660097ba86489b6b351f03d
at org.openqa.selenium.support.ui.WebDriverWait.timeoutException(WebDriverWait.java:84)
at org.openqa.selenium.support.ui.FluentWait.until(FluentWait.java:228)
at pages.ARCA_OverviewPage.waitForElement(ARCA_OverviewPage.java:42)
at pages.ARCA_OverviewPage.navigateTo(ARCA_OverviewPage.java:253)
at stepdefinitions.ARCA_OverviewSteps.the_user_is_on_the_overview_screen_of_the_auto_root_cause_analysis(ARCA_OverviewSteps.java:27)
at ✽.the user is on the Overview screen of the Auto Root Cause Analysis(file:///C:/Users/NagarajR/git/WPC_USESI_Automation_Testing/WPC_UI_Automation/src/test/java/Features/8_ARCA_Overview.feature:17)
]]>
    </error>
  </testcase> <!-- runScenario -->
  <system-out/>
  <testcase classname="runners.TestRunner" name="runScenario" time="284.819">
    <error message="Expected condition failed: waiting for visibility of element located by By.xpath: /html[1]/body[1]/div[1]/div[1]/div[1]/div[1]/div[2]/div[1]/div[2]/div[3]/div[3]/div[2]/div[1]/div[1]/div[1]/div[1]/div[1]/div[3]/div[1]/div[1]/div[1]/form[1]/div[1]/div[1]/div[1]/div[1]/div[1]/div[1] (tried for 60 second(s) with 500 milliseconds interval)
Build info: version: &#039;4.19.0&#039;, revision: &#039;5f9cec8963&#039;
System info: os.name: &#039;Windows 11&#039;, os.arch: &#039;amd64&#039;, os.version: &#039;10.0&#039;, java.version: &#039;21.0.6&#039;
Driver info: org.openqa.selenium.chrome.ChromeDriver
Capabilities {acceptInsecureCerts: false, browserName: chrome, browserVersion: 138.0.7204.184, chrome: {chromedriverVersion: 138.0.7204.183 (e90faf484dd..., userDataDir: C:\Users\NagarajR\AppData\L...}, fedcm:accounts: true, goog:chromeOptions: {debuggerAddress: localhost:54116}, networkConnectionEnabled: false, pageLoadStrategy: normal, platformName: windows, proxy: Proxy(), se:cdp: ws://localhost:54116/devtoo..., se:cdpVersion: 138.0.7204.184, setWindowRect: true, strictFileInteractability: false, timeouts: {implicit: 0, pageLoad: 300000, script: 30000}, unhandledPromptBehavior: dismiss and notify, webauthn:extension:credBlob: true, webauthn:extension:largeBlob: true, webauthn:extension:minPinLength: true, webauthn:extension:prf: true, webauthn:virtualAuthenticators: true}
Session ID: dd6715fb90738521265cbac6f8a508c4" type="org.openqa.selenium.TimeoutException">
      <![CDATA[org.openqa.selenium.TimeoutException: Expected condition failed: waiting for visibility of element located by By.xpath: /html[1]/body[1]/div[1]/div[1]/div[1]/div[1]/div[2]/div[1]/div[2]/div[3]/div[3]/div[2]/div[1]/div[1]/div[1]/div[1]/div[1]/div[3]/div[1]/div[1]/div[1]/form[1]/div[1]/div[1]/div[1]/div[1]/div[1]/div[1] (tried for 60 second(s) with 500 milliseconds interval)
Build info: version: '4.19.0', revision: '5f9cec8963'
System info: os.name: 'Windows 11', os.arch: 'amd64', os.version: '10.0', java.version: '21.0.6'
Driver info: org.openqa.selenium.chrome.ChromeDriver
Capabilities {acceptInsecureCerts: false, browserName: chrome, browserVersion: 138.0.7204.184, chrome: {chromedriverVersion: 138.0.7204.183 (e90faf484dd..., userDataDir: C:\Users\NagarajR\AppData\L...}, fedcm:accounts: true, goog:chromeOptions: {debuggerAddress: localhost:54116}, networkConnectionEnabled: false, pageLoadStrategy: normal, platformName: windows, proxy: Proxy(), se:cdp: ws://localhost:54116/devtoo..., se:cdpVersion: 138.0.7204.184, setWindowRect: true, strictFileInteractability: false, timeouts: {implicit: 0, pageLoad: 300000, script: 30000}, unhandledPromptBehavior: dismiss and notify, webauthn:extension:credBlob: true, webauthn:extension:largeBlob: true, webauthn:extension:minPinLength: true, webauthn:extension:prf: true, webauthn:virtualAuthenticators: true}
Session ID: dd6715fb90738521265cbac6f8a508c4
at org.openqa.selenium.support.ui.WebDriverWait.timeoutException(WebDriverWait.java:84)
at org.openqa.selenium.support.ui.FluentWait.until(FluentWait.java:228)
at pages.CPA_CreateScenarioPage.waitForElement(CPA_CreateScenarioPage.java:34)
at pages.CPA_CreateScenarioPage.saveAndShowImpactBtnWithName(CPA_CreateScenarioPage.java:599)
at stepdefinitions.CPA_CreateScenarioSteps.the_user_should_be_able_to_enter_a_scenario_name_in_the_scenario_name_field_and_click_the_save_and_show_impact_button_which_should_redirect_to_the_view_scenario_impact_screen_only_if_a_name_is_entered(CPA_CreateScenarioSteps.java:74)
at ✽.the user should be able to enter a scenario name in the Scenario Name field and click the Save and Show Impact button, which should redirect to the View Scenario Impact screen only if a name is entered(file:///C:/Users/NagarajR/git/WPC_USESI_Automation_Testing/WPC_UI_Automation/src/test/java/Features/6_CPA_CreateScenario.feature:30)
]]>
    </error>
  </testcase> <!-- runScenario -->
  <system-out/>
  <testcase classname="runners.TestRunner" name="runScenario" time="212.065">
    <error message="Expected condition failed: waiting for visibility of element located by By.xpath: /html[1]/body[1]/div[1]/div[1]/div[1]/div[1]/div[2]/div[1]/div[2]/div[2]/div[1]/div[1]/div[1]/div[1]/div[1]/div[1]/div[2]/div[1]/div[1]/fieldset[1]/div[2]/label[1]/span[2]/div[1]/span[2] (tried for 100 second(s) with 500 milliseconds interval)
Build info: version: &#039;4.19.0&#039;, revision: &#039;5f9cec8963&#039;
System info: os.name: &#039;Windows 11&#039;, os.arch: &#039;amd64&#039;, os.version: &#039;10.0&#039;, java.version: &#039;21.0.6&#039;
Driver info: org.openqa.selenium.chrome.ChromeDriver
Capabilities {acceptInsecureCerts: false, browserName: chrome, browserVersion: 138.0.7204.184, chrome: {chromedriverVersion: 138.0.7204.183 (e90faf484dd..., userDataDir: C:\Users\NagarajR\AppData\L...}, fedcm:accounts: true, goog:chromeOptions: {debuggerAddress: localhost:56146}, networkConnectionEnabled: false, pageLoadStrategy: normal, platformName: windows, proxy: Proxy(), se:cdp: ws://localhost:56146/devtoo..., se:cdpVersion: 138.0.7204.184, setWindowRect: true, strictFileInteractability: false, timeouts: {implicit: 0, pageLoad: 300000, script: 30000}, unhandledPromptBehavior: dismiss and notify, webauthn:extension:credBlob: true, webauthn:extension:largeBlob: true, webauthn:extension:minPinLength: true, webauthn:extension:prf: true, webauthn:virtualAuthenticators: true}
Session ID: cfebc05ffcbe1834e2f70c7b286f002c" type="org.openqa.selenium.TimeoutException">
      <![CDATA[org.openqa.selenium.TimeoutException: Expected condition failed: waiting for visibility of element located by By.xpath: /html[1]/body[1]/div[1]/div[1]/div[1]/div[1]/div[2]/div[1]/div[2]/div[2]/div[1]/div[1]/div[1]/div[1]/div[1]/div[1]/div[2]/div[1]/div[1]/fieldset[1]/div[2]/label[1]/span[2]/div[1]/span[2] (tried for 100 second(s) with 500 milliseconds interval)
Build info: version: '4.19.0', revision: '5f9cec8963'
System info: os.name: 'Windows 11', os.arch: 'amd64', os.version: '10.0', java.version: '21.0.6'
Driver info: org.openqa.selenium.chrome.ChromeDriver
Capabilities {acceptInsecureCerts: false, browserName: chrome, browserVersion: 138.0.7204.184, chrome: {chromedriverVersion: 138.0.7204.183 (e90faf484dd..., userDataDir: C:\Users\NagarajR\AppData\L...}, fedcm:accounts: true, goog:chromeOptions: {debuggerAddress: localhost:56146}, networkConnectionEnabled: false, pageLoadStrategy: normal, platformName: windows, proxy: Proxy(), se:cdp: ws://localhost:56146/devtoo..., se:cdpVersion: 138.0.7204.184, setWindowRect: true, strictFileInteractability: false, timeouts: {implicit: 0, pageLoad: 300000, script: 30000}, unhandledPromptBehavior: dismiss and notify, webauthn:extension:credBlob: true, webauthn:extension:largeBlob: true, webauthn:extension:minPinLength: true, webauthn:extension:prf: true, webauthn:virtualAuthenticators: true}
Session ID: cfebc05ffcbe1834e2f70c7b286f002c
at org.openqa.selenium.support.ui.WebDriverWait.timeoutException(WebDriverWait.java:84)
at org.openqa.selenium.support.ui.FluentWait.until(FluentWait.java:228)
at pages.ARCA_CustomerAnalysisPage.waitForElement(ARCA_CustomerAnalysisPage.java:43)
at pages.ARCA_CustomerAnalysisPage.filtersTo(ARCA_CustomerAnalysisPage.java:308)
at stepdefinitions.ARCA_CustomerAnalysisSteps.the_user_clicks_on_filters_and_select_options_based_on_the_requirements(ARCA_CustomerAnalysisSteps.java:30)
at ✽.the user clicks on Filters and select options based on the requirements(file:///C:/Users/NagarajR/git/WPC_USESI_Automation_Testing/WPC_UI_Automation/src/test/java/Features/9_1_ARCA_CustomerAnalysis.feature:9)
]]>
    </error>
  </testcase> <!-- runScenario -->
  <system-out/>
  <testcase classname="runners.TestRunner" name="runScenario" time="60.893"/>
  <system-out/>
  <testcase classname="runners.TestRunner" name="runScenario" time="238.144"/>
  <system-out/>
  <testcase classname="runners.TestRunner" name="runScenario" time="88.511"/>
  <system-out/>
  <testcase classname="runners.TestRunner" name="runScenario" time="63.336"/>
  <system-out/>
  <testcase classname="runners.TestRunner" name="runScenario" time="82.079"/>
  <system-out/>
  <testcase classname="runners.TestRunner" name="runScenario" time="83.446"/>
  <system-out/>
  <testcase classname="runners.TestRunner" name="runScenario" time="272.194">
    <error message="Expected condition failed: waiting for visibility of element located by By.xpath: /html[1]/body[1]/div[1]/div[1]/div[1]/div[1]/div[2]/div[1]/div[2]/div[3]/div[3]/div[2]/div[1]/div[1]/div[1]/div[1]/div[1]/div[3]/div[1]/div[1]/div[1]/form[1]/div[1]/div[1]/div[1]/div[1]/div[1]/div[1] (tried for 60 second(s) with 500 milliseconds interval)
Build info: version: &#039;4.19.0&#039;, revision: &#039;5f9cec8963&#039;
System info: os.name: &#039;Windows 11&#039;, os.arch: &#039;amd64&#039;, os.version: &#039;10.0&#039;, java.version: &#039;21.0.6&#039;
Driver info: org.openqa.selenium.chrome.ChromeDriver
Capabilities {acceptInsecureCerts: false, browserName: chrome, browserVersion: 138.0.7204.184, chrome: {chromedriverVersion: 138.0.7204.183 (e90faf484dd..., userDataDir: C:\Users\NagarajR\AppData\L...}, fedcm:accounts: true, goog:chromeOptions: {debuggerAddress: localhost:53526}, networkConnectionEnabled: false, pageLoadStrategy: normal, platformName: windows, proxy: Proxy(), se:cdp: ws://localhost:53526/devtoo..., se:cdpVersion: 138.0.7204.184, setWindowRect: true, strictFileInteractability: false, timeouts: {implicit: 0, pageLoad: 300000, script: 30000}, unhandledPromptBehavior: dismiss and notify, webauthn:extension:credBlob: true, webauthn:extension:largeBlob: true, webauthn:extension:minPinLength: true, webauthn:extension:prf: true, webauthn:virtualAuthenticators: true}
Session ID: c9f41b6c57a6a6814b2f2cae826080bc" type="org.openqa.selenium.TimeoutException">
      <![CDATA[org.openqa.selenium.TimeoutException: Expected condition failed: waiting for visibility of element located by By.xpath: /html[1]/body[1]/div[1]/div[1]/div[1]/div[1]/div[2]/div[1]/div[2]/div[3]/div[3]/div[2]/div[1]/div[1]/div[1]/div[1]/div[1]/div[3]/div[1]/div[1]/div[1]/form[1]/div[1]/div[1]/div[1]/div[1]/div[1]/div[1] (tried for 60 second(s) with 500 milliseconds interval)
Build info: version: '4.19.0', revision: '5f9cec8963'
System info: os.name: 'Windows 11', os.arch: 'amd64', os.version: '10.0', java.version: '21.0.6'
Driver info: org.openqa.selenium.chrome.ChromeDriver
Capabilities {acceptInsecureCerts: false, browserName: chrome, browserVersion: 138.0.7204.184, chrome: {chromedriverVersion: 138.0.7204.183 (e90faf484dd..., userDataDir: C:\Users\NagarajR\AppData\L...}, fedcm:accounts: true, goog:chromeOptions: {debuggerAddress: localhost:53526}, networkConnectionEnabled: false, pageLoadStrategy: normal, platformName: windows, proxy: Proxy(), se:cdp: ws://localhost:53526/devtoo..., se:cdpVersion: 138.0.7204.184, setWindowRect: true, strictFileInteractability: false, timeouts: {implicit: 0, pageLoad: 300000, script: 30000}, unhandledPromptBehavior: dismiss and notify, webauthn:extension:credBlob: true, webauthn:extension:largeBlob: true, webauthn:extension:minPinLength: true, webauthn:extension:prf: true, webauthn:virtualAuthenticators: true}
Session ID: c9f41b6c57a6a6814b2f2cae826080bc
at org.openqa.selenium.support.ui.WebDriverWait.timeoutException(WebDriverWait.java:84)
at org.openqa.selenium.support.ui.FluentWait.until(FluentWait.java:228)
at pages.CPA_CreateScenarioPage.waitForElement(CPA_CreateScenarioPage.java:34)
at pages.CPA_CreateScenarioPage.saveAndShowImpactBtnWithName(CPA_CreateScenarioPage.java:599)
at stepdefinitions.CPA_CreateScenarioSteps.the_user_should_be_able_to_enter_a_scenario_name_in_the_scenario_name_field_and_click_the_save_and_show_impact_button_which_should_redirect_to_the_view_scenario_impact_screen_only_if_a_name_is_entered(CPA_CreateScenarioSteps.java:74)
at ✽.the user should be able to enter a scenario name in the Scenario Name field and click the Save and Show Impact button, which should redirect to the View Scenario Impact screen only if a name is entered(file:///C:/Users/NagarajR/git/WPC_USESI_Automation_Testing/WPC_UI_Automation/src/test/java/Features/6_CPA_CreateScenario.feature:19)
]]>
    </error>
  </testcase> <!-- runScenario -->
  <system-out/>
  <testcase classname="runners.TestRunner" name="runScenario" time="64.930"/>
  <system-out/>
  <testcase classname="runners.TestRunner" name="runScenario" time="107.187"/>
  <system-out/>
  <testcase classname="runners.TestRunner" name="runScenario" time="246.394"/>
  <system-out/>
</testsuite> <!-- runners.TestRunner -->
